make all --print-data-base --no-builtin-variables --no-builtin-rules --question
# GNU Make 3.81
# Copyright (C) 2006  Free Software Foundation, Inc.
# This is free software; see the source for copying conditions.
# There is NO warranty; not even for MERCHANTABILITY or FITNESS FOR A
# PARTICULAR PURPOSE.

# This program built for i386-apple-darwin11.3.0
 

# Make data base, printed on Sat Jul  2 20:11:11 2022

# Variables

# automatic
<D = $(patsubst %/,%,$(dir $<))
# automatic
?F = $(notdir $?)
# environment
VSCODE_LOG_NATIVE = false
# automatic
?D = $(patsubst %/,%,$(dir $?))
# automatic
@D = $(patsubst %/,%,$(dir $@))
# automatic
@F = $(notdir $@)
# makefile
CURDIR := /Users/wboutzou/Desktop/push_swap_final
# makefile
SHELL = /bin/sh
# environment
VSCODE_NLS_CONFIG = {"locale":"en-us","availableLanguages":{},"_languagePackSupport":true}
# environment
_ = /usr/bin/make
# makefile (from `Makefile', line 1)
MAKEFILE_LIST :=  Makefile
# environment
VSCODE_VERBOSE_LOGGING = true
# makefile (from `Makefile', line 4)
OBJS = $(SRCS:.c=.o)
# environment
VSCODE_IPC_HOOK_EXTHOST = /var/folders/zz/zyxvpxvq6csfxvn_n0000hqr00045y/T/vscode-ipc-dbacb869-140f-41fe-9035-1d7033dffd50.sock
# environment
VSCODE_CWD = /
# environment
Apple_PubSub_Socket_Render = /private/tmp/com.apple.launchd.6NkZoocKVt/Render
# environment
PATH = /usr/bin:/bin:/usr/sbin:/sbin:/usr/local/bin
# environment
VSCODE_LOG_STACK = false
# environment
ELECTRON_RUN_AS_NODE = 1
# default
.FEATURES := target-specific order-only second-expansion else-if archives jobserver check-symlink
# environment
SSH_AUTH_SOCK = /private/tmp/com.apple.launchd.fDhbnVa4N2/Listeners
# automatic
%F = $(notdir $%)
# environment
VSCODE_PIPE_LOGGING = true
# environment
PWD = /Users/wboutzou/Desktop/push_swap_final
# environment
ORIGINAL_XDG_CURRENT_DESKTOP = undefined
# environment
VSCODE_AMD_ENTRYPOINT = vs/workbench/api/node/extensionHostProcess
# environment
HOME = /Users/wboutzou
# default
MAKEFILEPATH := /Applications/Xcode.app/Contents/Developer/Makefiles
# environment
VSCODE_CODE_CACHE_PATH = /Users/wboutzou/Library/Application Support/Code/CachedData/4af164ea3a06f701fe3e89a2bcbb421d2026b68f
# environment
LOGNAME = wboutzou
# environment
APPLICATION_INSIGHTS_NO_DIAGNOSTIC_CHANNEL = 1
# environment
VSCODE_HANDLES_UNCAUGHT_ERRORS = true
# automatic
^D = $(patsubst %/,%,$(dir $^))
# environment
XPC_FLAGS = 0x0
# default
MAKE = $(MAKE_COMMAND)
# default
MAKECMDGOALS := all
# makefile (from `Makefile', line 1)
SRCS = ./src/checker.c ./src/helpers.c ./src/table.c ./src/sort_under_fifteen.c  ./src/sort.c ./src/linkedlist.c ./src/operation_reverse.c ./src/operation_swap.c ./src/operation_rotate.c ./src/operation_push.c ./src/a_to_b.c ./src/b_to_a.c ./src/push_swap.c  
# environment
SHLVL = 1
# default
MAKE_VERSION := 3.81
# environment
USER = wboutzou
# makefile
.DEFAULT_GOAL := all
# makefile (from `Makefile', line 6)
NAME = push_swap
# automatic
%D = $(patsubst %/,%,$(dir $%))
# default
MAKE_COMMAND := /Applications/Xcode.app/Contents/Developer/usr/bin/make
# default
.VARIABLES := 
# environment
TMPDIR = /var/folders/zz/zyxvpxvq6csfxvn_n0000hqr00045y/T/
# automatic
*F = $(notdir $*)
# environment
VSCODE_IPC_HOOK = /Users/wboutzou/Library/Application Support/Code/1.68.0-main.sock
# makefile
MAKEFLAGS = Rrqp
# environment
MFLAGS = -Rrqp
# automatic
*D = $(patsubst %/,%,$(dir $*))
# environment
XPC_SERVICE_NAME = com.apple.xpc.launchd.oneshot.0x10000001.Electron
# automatic
+D = $(patsubst %/,%,$(dir $+))
# automatic
+F = $(notdir $+)
# environment
__CF_USER_TEXT_ENCODING = 0x10BE:0x0:0x0
# environment
COMMAND_MODE = unix2003
# default
MAKEFILES := 
# automatic
<F = $(notdir $<)
# makefile (from `Makefile', line 7)
PRINTF = ./src/include/ft_printf/libftprintf.a
# environment
LC_ALL = C
# environment
SECURITYSESSIONID = 186a8
# automatic
^F = $(notdir $^)
# default
SUFFIXES := 
# makefile (from `Makefile', line 3)
FLAGS = -Wall -Wextra -Werror 
# default
.INCLUDE_DIRS = /usr/local/include
# environment
MAKELEVEL := 0
# environment
LANG = C
# environment
VSCODE_PID = 3952
# variable set hash-table stats:
# Load=68/1024=7%, Rehash=0, Collisions=3/98=3%

# Pattern-specific Variable Values

# No pattern-specific variable values.

# Directories

# . (device 16777227, inode 9605386): 12 files, no impossibilities.
# src (device 16777227, inode 9605470): 29 files, no impossibilities so far.

# 41 files, no impossibilities in 2 directories.

# Implicit Rules

%.o: %.c
#  commands to execute (from `Makefile', line 19):
	cc $(FLAGS) -c $< -o $@
	

# 1 implicit rules, 0 (0.0%) terminal.

# Files

src/operation_reverse.o: src/operation_reverse.c
#  Implicit rule search has been done.
#  Implicit/static pattern stem: `src/operation_reverse'
#  Last modified 2022-07-02 19:24:05
#  File has been updated.
#  Successfully updated.
# variable set hash-table stats:
# Load=0/32=0%, Rehash=0, Collisions=0/0=0%
#  commands to execute (from `Makefile', line 19):
	cc $(FLAGS) -c $< -o $@
	

# Not a target:
src/operation_rotate.c:
#  Implicit rule search has been done.
#  Last modified 2022-07-02 18:28:45
#  File has been updated.
#  Successfully updated.
# variable set hash-table stats:
# Load=0/32=0%, Rehash=0, Collisions=0/0=0%

src/sort.o: src/sort.c
#  Implicit rule search has been done.
#  Implicit/static pattern stem: `src/sort'
#  Last modified 2022-07-02 19:24:05
#  File has been updated.
#  Successfully updated.
# variable set hash-table stats:
# Load=0/32=0%, Rehash=0, Collisions=0/0=0%
#  commands to execute (from `Makefile', line 19):
	cc $(FLAGS) -c $< -o $@
	

src/push_swap.o: src/push_swap.c
#  Implicit rule search has been done.
#  Implicit/static pattern stem: `src/push_swap'
#  Last modified 2022-07-02 19:24:05
#  File has been updated.
#  Successfully updated.
# variable set hash-table stats:
# Load=0/32=0%, Rehash=0, Collisions=0/0=0%
#  commands to execute (from `Makefile', line 19):
	cc $(FLAGS) -c $< -o $@
	

all: push_swap
#  Phony target (prerequisite of .PHONY).
#  Command-line target.
#  Implicit rule search has not been done.
#  File does not exist.
#  File has been updated.
#  Successfully updated.
# variable set hash-table stats:
# Load=0/32=0%, Rehash=0, Collisions=0/0=0%

src/sort_under_fifteen.o: src/sort_under_fifteen.c
#  Implicit rule search has been done.
#  Implicit/static pattern stem: `src/sort_under_fifteen'
#  Last modified 2022-07-02 19:24:05
#  File has been updated.
#  Successfully updated.
# variable set hash-table stats:
# Load=0/32=0%, Rehash=0, Collisions=0/0=0%
#  commands to execute (from `Makefile', line 19):
	cc $(FLAGS) -c $< -o $@
	

.PHONY: all clean fclean re bonus
#  Implicit rule search has not been done.
#  Modification time never checked.
#  File has not been updated.

src/table.o: src/table.c
#  Implicit rule search has been done.
#  Implicit/static pattern stem: `src/table'
#  Last modified 2022-07-02 19:24:05
#  File has been updated.
#  Successfully updated.
# variable set hash-table stats:
# Load=0/32=0%, Rehash=0, Collisions=0/0=0%
#  commands to execute (from `Makefile', line 19):
	cc $(FLAGS) -c $< -o $@
	

# Not a target:
.SUFFIXES:
#  Implicit rule search has not been done.
#  Modification time never checked.
#  File has not been updated.

# Not a target:
Makefile:
#  Implicit rule search has been done.
#  Last modified 2022-07-01 03:11:47
#  File has been updated.
#  Successfully updated.
# variable set hash-table stats:
# Load=0/32=0%, Rehash=0, Collisions=0/0=0%

src/b_to_a.o: src/b_to_a.c
#  Implicit rule search has been done.
#  Implicit/static pattern stem: `src/b_to_a'
#  Last modified 2022-07-02 19:24:05
#  File has been updated.
#  Successfully updated.
# variable set hash-table stats:
# Load=0/32=0%, Rehash=0, Collisions=0/0=0%
#  commands to execute (from `Makefile', line 19):
	cc $(FLAGS) -c $< -o $@
	

# Not a target:
src/linkedlist.c:
#  Implicit rule search has been done.
#  Last modified 2022-07-01 01:34:48
#  File has been updated.
#  Successfully updated.
# variable set hash-table stats:
# Load=0/32=0%, Rehash=0, Collisions=0/0=0%

src/helpers.o: src/helpers.c
#  Implicit rule search has been done.
#  Implicit/static pattern stem: `src/helpers'
#  Last modified 2022-07-02 19:24:05
#  File has been updated.
#  Successfully updated.
# variable set hash-table stats:
# Load=0/32=0%, Rehash=0, Collisions=0/0=0%
#  commands to execute (from `Makefile', line 19):
	cc $(FLAGS) -c $< -o $@
	

src/checker.o: src/checker.c
#  Implicit rule search has been done.
 
#  Implicit/static pattern stem: `src/checker'
#  Last modified 2022-07-02 19:24:05
#  File has been updated.
#  Successfully updated.
# variable set hash-table stats:
# Load=0/32=0%, Rehash=0, Collisions=0/0=0%
#  commands to execute (from `Makefile', line 19):
	cc $(FLAGS) -c $< -o $@
	

# Not a target:
src/operation_reverse.c:
#  Implicit rule search has been done.
#  Last modified 2022-07-02 18:29:09
#  File has been updated.
#  Successfully updated.
# variable set hash-table stats:
# Load=0/32=0%, Rehash=0, Collisions=0/0=0%

# Not a target:
src/sort.c:
#  Implicit rule search has been done.
#  Last modified 2022-07-02 19:03:17
#  File has been updated.
#  Successfully updated.
# variable set hash-table stats:
# Load=0/32=0%, Rehash=0, Collisions=0/0=0%

src/a_to_b.o: src/a_to_b.c
#  Implicit rule search has been done.
#  Implicit/static pattern stem: `src/a_to_b'
#  Last modified 2022-07-02 19:24:05
#  File has been updated.
#  Successfully updated.
# variable set hash-table stats:
# Load=0/32=0%, Rehash=0, Collisions=0/0=0%
#  commands to execute (from `Makefile', line 19):
	cc $(FLAGS) -c $< -o $@
	

src/operation_push.o: src/operation_push.c
#  Implicit rule search has been done.
#  Implicit/static pattern stem: `src/operation_push'
#  Last modified 2022-07-02 19:24:05
#  File has been updated.
#  Successfully updated.
# variable set hash-table stats:
# Load=0/32=0%, Rehash=0, Collisions=0/0=0%
#  commands to execute (from `Makefile', line 19):
	cc $(FLAGS) -c $< -o $@
	

# Not a target:
src/push_swap.c:
#  Implicit rule search has been done.
#  Last modified 2022-07-01 06:49:30
#  File has been updated.
#  Successfully updated.
# variable set hash-table stats:
# Load=0/32=0%, Rehash=0, Collisions=0/0=0%

# Not a target:
src/sort_under_fifteen.c:
#  Implicit rule search has been done.
#  Last modified 2022-07-01 20:34:02
#  File has been updated.
#  Successfully updated.
# variable set hash-table stats:
# Load=0/32=0%, Rehash=0, Collisions=0/0=0%

bonus:
#  Phony target (prerequisite of .PHONY).
#  Implicit rule search has not been done.
#  File does not exist.
#  File has not been updated.

fclean: clean
#  Phony target (prerequisite of .PHONY).
#  Implicit rule search has not been done.
#  File does not exist.
#  File has not been updated.
#  commands to execute (from `Makefile', line 25):
	@make  -C ./src/include/ft_printf fclean
	@rm -f ${NAME}
	

# Not a target:
src/table.c:
#  Implicit rule search has been done.
#  Last modified 2022-06-30 21:14:54
#  File has been updated.
#  Successfully updated.
# variable set hash-table stats:
# Load=0/32=0%, Rehash=0, Collisions=0/0=0%

# Not a target:
.DEFAULT:
#  Implicit rule search has not been done.
#  Modification time never checked.
#  File has not been updated.

src/operation_swap.o: src/operation_swap.c
#  Implicit rule search has been done.
#  Implicit/static pattern stem: `src/operation_swap'
#  Last modified 2022-07-02 19:24:05
#  File has been updated.
#  Successfully updated.
# variable set hash-table stats:
# Load=0/32=0%, Rehash=0, Collisions=0/0=0%
#  commands to execute (from `Makefile', line 19):
	cc $(FLAGS) -c $< -o $@
	

# Not a target:
src/b_to_a.c:
#  Implicit rule search has been done.
#  Last modified 2022-07-02 19:21:04
#  File has been updated.
#  Successfully updated.
# variable set hash-table stats:
# Load=0/32=0%, Rehash=0, Collisions=0/0=0%

re: fclean all
#  Phony target (prerequisite of .PHONY).
#  Implicit rule search has not been done.
#  File does not exist.
#  File has not been updated.

src/operation_rotate.o: src/operation_rotate.c
#  Implicit rule search has been done.
#  Implicit/static pattern stem: `src/operation_rotate'
#  Last modified 2022-07-02 19:24:05
#  File has been updated.
#  Successfully updated.
# variable set hash-table stats:
# Load=0/32=0%, Rehash=0, Collisions=0/0=0%
#  commands to execute (from `Makefile', line 19):
	cc $(FLAGS) -c $< -o $@
	

clean:
#  Phony target (prerequisite of .PHONY).
#  Implicit rule search has not been done.
#  File does not exist.
#  File has not been updated.
#  commands to execute (from `Makefile', line 21):
	@rm -f ${OBJS}
	@make  -C ./src/include/ft_printf clean
	

# Not a target:
src/helpers.c:
#  Implicit rule search has been done.
#  Last modified 2022-07-01 01:33:15
#  File has been updated.
#  Successfully updated.
# variable set hash-table stats:
# Load=0/32=0%, Rehash=0, Collisions=0/0=0%

# Not a target:
src/checker.c:
#  Implicit rule search has been done.
#  Last modified 2022-07-01 03:07:15
#  File has been updated.
#  Successfully updated.
# variable set hash-table stats:
# Load=0/32=0%, Rehash=0, Collisions=0/0=0%

push_swap: src/include/ft_printf/libftprintf.a src/checker.o src/helpers.o src/table.o src/sort_under_fifteen.o src/sort.o src/linkedlist.o src/operation_reverse.o src/operation_swap.o src/operation_rotate.o src/operation_push.o src/a_to_b.o src/b_to_a.o src/push_swap.o
#  Implicit rule search has not been done.
#  Last modified 2022-07-02 19:24:05
#  File has been updated.
#  Successfully updated.
# variable set hash-table stats:
# Load=0/32=0%, Rehash=0, Collisions=0/0=0%
#  commands to execute (from `Makefile', line 14):
	cc $(FLAGS) $(OBJS) $(PRINTF) -o $(NAME)
	

# Not a target:
src/a_to_b.c:
#  Implicit rule search has been done.
#  Last modified 2022-07-02 17:15:39
#  File has been updated.
#  Successfully updated.
# variable set hash-table stats:
# Load=0/32=0%, Rehash=0, Collisions=0/0=0%

# Not a target:
src/operation_push.c:
#  Implicit rule search has been done.
#  Last modified 2022-07-02 18:30:16
#  File has been updated.
#  Successfully updated.
# variable set hash-table stats:
# Load=0/32=0%, Rehash=0, Collisions=0/0=0%

src/include/ft_printf/libftprintf.a:
#  Implicit rule search has not been done.
#  Last modified 2022-07-02 19:24:05
#  File has been updated.
#  Successfully updated.
#  commands to execute (from `Makefile', line 17):
	@make -C ./src/include/ft_printf
	

# Not a target:
src/operation_swap.c:
#  Implicit rule search has been done.
#  Last modified 2022-07-02 18:33:46
#  File has been updated.
#  Successfully updated.
# variable set hash-table stats:
# Load=0/32=0%, Rehash=0, Collisions=0/0=0%

src/linkedlist.o: src/linkedlist.c
#  Implicit rule search has been done.
#  Implicit/static pattern stem: `src/linkedlist'
#  Last modified 2022-07-02 19:24:05
#  File has been updated.
#  Successfully updated.
# variable set hash-table stats:
# Load=0/32=0%, Rehash=0, Collisions=0/0=0%
#  commands to execute (from `Makefile', line 19):
	cc $(FLAGS) -c $< -o $@
	

# files hash-table stats:
# Load=37/1024=4%, Rehash=0, Collisions=0/112=0%
# VPATH Search Paths

# No `vpath' search paths.

# No general (`VPATH' variable) search path.

# # of strings in strcache: 1
# # of strcache buffers: 1
# strcache size: total = 4096 / max = 4096 / min = 4096 / avg = 4096
# strcache free: total = 4087 / max = 4087 / min = 4087 / avg = 4087

# Finished Make data base on Sat Jul  2 20:11:11 2022

 
